app/build/intermediates/manifest_merge_blame_file/debug/manifest-merger-blame-debug-report.txt
1<?xml version="1.0" encoding="utf-8"?>
2<manifest xmlns:android="http://schemas.android.com/apk/res/android"
3    package="com.stego.steganography"
4    android:versionCode="1"
5    android:versionName="1.0" >
6
7    <uses-sdk
8        android:minSdkVersion="19"
8-->src\main\AndroidManifest.xml
9        android:targetSdkVersion="26" />
9-->src\main\AndroidManifest.xml
10
11    <uses-permission android:name="android.permission.READ_EXTERNAL_STORAGE" />
11-->src\main\AndroidManifest.xml:5:5-80
11-->src\main\AndroidManifest.xml:5:22-77
12    <uses-permission android:name="android.permission.WRITE_EXTERNAL_STORAGE" />
12-->src\main\AndroidManifest.xml:6:5-80
12-->src\main\AndroidManifest.xml:6:22-78
13
14    <application
14-->src\main\AndroidManifest.xml:7:5-34:19
15        android:allowBackup="true"
15-->src\main\AndroidManifest.xml:8:9-35
16        android:debuggable="true"
17        android:icon="@mipmap/ic_launcher"
17-->src\main\AndroidManifest.xml:9:9-43
18        android:label="@string/app_name"
18-->src\main\AndroidManifest.xml:10:9-41
19        android:roundIcon="@mipmap/ic_launcher_round"
19-->src\main\AndroidManifest.xml:11:9-54
20        android:supportsRtl="true"
20-->src\main\AndroidManifest.xml:12:9-35
21        android:testOnly="true"
22        android:theme="@style/AppTheme" >
22-->src\main\AndroidManifest.xml:13:9-40
23        <activity android:name="com.stego.steganography.MainActivity" >
23-->src\main\AndroidManifest.xml:14:9-20:20
23-->src\main\AndroidManifest.xml:14:19-47
24            <intent-filter>
24-->src\main\AndroidManifest.xml:15:13-19:29
25                <action android:name="android.intent.action.MAIN" />
25-->src\main\AndroidManifest.xml:16:17-69
25-->src\main\AndroidManifest.xml:16:25-66
26
27                <category android:name="android.intent.category.LAUNCHER" />
27-->src\main\AndroidManifest.xml:18:17-77
27-->src\main\AndroidManifest.xml:18:27-74
28            </intent-filter>
29        </activity>
30        <activity android:name="com.stego.steganography.Encode" />
30-->src\main\AndroidManifest.xml:21:9-44
30-->src\main\AndroidManifest.xml:21:19-41
31        <activity android:name="com.stego.steganography.Decode" />
31-->src\main\AndroidManifest.xml:22:9-53
31-->src\main\AndroidManifest.xml:22:19-41
32
33        <provider
33-->src\main\AndroidManifest.xml:24:9-32:20
34            android:name="android.support.v4.content.FileProvider"
34-->src\main\AndroidManifest.xml:26:13-67
35            android:authorities="it.steganography.fileprovider"
35-->src\main\AndroidManifest.xml:25:13-64
36            android:exported="false"
36-->src\main\AndroidManifest.xml:27:13-37
37            android:grantUriPermissions="true" >
37-->src\main\AndroidManifest.xml:28:13-47
38            <meta-data
38-->src\main\AndroidManifest.xml:29:13-31:64
39                android:name="android.support.FILE_PROVIDER_PATHS"
39-->src\main\AndroidManifest.xml:30:17-67
40                android:resource="@xml/file_paths" />
40-->src\main\AndroidManifest.xml:31:17-51
41        </provider>
42
43        <meta-data
43-->[com.android.support:appcompat-v7:26.1.0] AndroidManifest.xml:26:9-28:38
44            android:name="android.support.VERSION"
44-->[com.android.support:appcompat-v7:26.1.0] AndroidManifest.xml:27:13-51
45            android:value="26.1.0" />
45-->[com.android.support:appcompat-v7:26.1.0] AndroidManifest.xml:28:13-35
46        <meta-data
46-->[android.arch.lifecycle:runtime:1.0.0] AndroidManifest.xml:25:9-27:47
47            android:name="android.arch.lifecycle.VERSION"
47-->[android.arch.lifecycle:runtime:1.0.0] AndroidManifest.xml:26:13-58
48            android:value="27.0.0-SNAPSHOT" />
48-->[android.arch.lifecycle:runtime:1.0.0] AndroidManifest.xml:27:13-44
49    </application>
50
51</manifest>